<?xml version="1.0" encoding="utf-8"?>
<TestRun id="b5482718-9d52-4b8b-acd0-5c790ec4b6a5" name="@Chitpong-MBP 2019-01-28 11:03:45" xmlns="http://microsoft.com/schemas/VisualStudio/TeamTest/2010">
  <Times creation="2019-01-28T11:03:45.1274860+07:00" queuing="2019-01-28T11:03:45.1274860+07:00" start="2019-01-28T11:03:39.1080650+07:00" finish="2019-01-28T11:03:45.4157470+07:00" />
  <TestSettings name="default" id="0a1edf11-3906-4948-ab70-e04a78ded050">
    <Deployment runDeploymentRoot="_Chitpong-MBP_2019-01-28_11_03_45" />
  </TestSettings>
  <Results>
    <UnitTestResult executionId="e3c1b6f8-2cee-420b-8650-f98d91ac0993" testId="91be2abd-3c77-7c86-1553-8fc157bec5d8" testName="delete_profile.Tests.FunctionTest.TestService" computerName="Chitpong-MBP" duration="00:00:02.2650000" startTime="2019-01-28T11:03:45.0540070+07:00" endTime="2019-01-28T11:03:45.0540170+07:00" testType="13cdc9d9-ddb5-4fa4-a97d-d965ccfc6d4b" outcome="Passed" testListId="8c84fa94-04c1-424b-9868-57a2d4851a1d" relativeResultsDirectory="e3c1b6f8-2cee-420b-8650-f98d91ac0993" />
    <UnitTestResult executionId="0033e74b-879d-47b7-9338-5a6c83cf9d0e" testId="5b298795-5a20-1593-53d2-ad9dbf4ffc20" testName="delete_profile.Tests.FunctionTest.TestGetMethod" computerName="Chitpong-MBP" duration="00:00:00.1730000" startTime="2019-01-28T11:03:45.2248240+07:00" endTime="2019-01-28T11:03:45.2248270+07:00" testType="13cdc9d9-ddb5-4fa4-a97d-d965ccfc6d4b" outcome="Passed" testListId="8c84fa94-04c1-424b-9868-57a2d4851a1d" relativeResultsDirectory="0033e74b-879d-47b7-9338-5a6c83cf9d0e" />
  </Results>
  <TestDefinitions>
    <UnitTest name="delete_profile.Tests.FunctionTest.TestService" storage="/users/chitpong/sourcecode/aws-serverless/profile/test/delete_profile.tests/bin/debug/netcoreapp2.1/delete_profile.tests.dll" id="91be2abd-3c77-7c86-1553-8fc157bec5d8">
      <Execution id="e3c1b6f8-2cee-420b-8650-f98d91ac0993" />
      <TestMethod codeBase="/Users/chitpong/Sourcecode/aws-serverless/profile/test/delete_profile.Tests/bin/Debug/netcoreapp2.1/delete_profile.Tests.dll" adapterTypeName="executor://xunit/VsTestRunner2/netcoreapp" className="delete_profile.Tests" name="delete_profile.Tests.FunctionTest.TestService" />
    </UnitTest>
    <UnitTest name="delete_profile.Tests.FunctionTest.TestGetMethod" storage="/users/chitpong/sourcecode/aws-serverless/profile/test/delete_profile.tests/bin/debug/netcoreapp2.1/delete_profile.tests.dll" id="5b298795-5a20-1593-53d2-ad9dbf4ffc20">
      <Execution id="0033e74b-879d-47b7-9338-5a6c83cf9d0e" />
      <TestMethod codeBase="/Users/chitpong/Sourcecode/aws-serverless/profile/test/delete_profile.Tests/bin/Debug/netcoreapp2.1/delete_profile.Tests.dll" adapterTypeName="executor://xunit/VsTestRunner2/netcoreapp" className="delete_profile.Tests" name="delete_profile.Tests.FunctionTest.TestGetMethod" />
    </UnitTest>
  </TestDefinitions>
  <TestEntries>
    <TestEntry testId="91be2abd-3c77-7c86-1553-8fc157bec5d8" executionId="e3c1b6f8-2cee-420b-8650-f98d91ac0993" testListId="8c84fa94-04c1-424b-9868-57a2d4851a1d" />
    <TestEntry testId="5b298795-5a20-1593-53d2-ad9dbf4ffc20" executionId="0033e74b-879d-47b7-9338-5a6c83cf9d0e" testListId="8c84fa94-04c1-424b-9868-57a2d4851a1d" />
  </TestEntries>
  <TestLists>
    <TestList name="Results Not in a List" id="8c84fa94-04c1-424b-9868-57a2d4851a1d" />
    <TestList name="All Loaded Results" id="19431567-8539-422a-85d7-44ee4e166bda" />
  </TestLists>
  <ResultSummary outcome="Completed">
    <Counters total="2" executed="2" passed="2" failed="0" error="0" timeout="0" aborted="0" inconclusive="0" passedButRunAborted="0" notRunnable="0" notExecuted="0" disconnected="0" warning="0" completed="0" inProgress="0" pending="0" />
    <Output>
      <StdOut>[xUnit.net 00:00:01.3992105]   Discovering: delete_profile.Tests[xUnit.net 00:00:01.5152066]   Discovered:  delete_profile.Tests[xUnit.net 00:00:01.5683786]   Starting:    delete_profile.Tests[xUnit.net 00:00:04.3679128]   Finished:    delete_profile.Tests</StdOut>
    </Output>
  </ResultSummary>
</TestRun>