<?xml version="1.0" encoding="utf-8"?>
<TestRun id="b778979f-39eb-457e-99f5-48f75f990e00" name="@Chitpong-MBP 2019-01-28 11:03:44" xmlns="http://microsoft.com/schemas/VisualStudio/TeamTest/2010">
  <Times creation="2019-01-28T11:03:44.6390600+07:00" queuing="2019-01-28T11:03:44.6390600+07:00" start="2019-01-28T11:03:39.0925900+07:00" finish="2019-01-28T11:03:44.7945550+07:00" />
  <TestSettings name="default" id="41c186f5-283d-4b89-a499-6d11824cabec">
    <Deployment runDeploymentRoot="_Chitpong-MBP_2019-01-28_11_03_44" />
  </TestSettings>
  <Results>
    <UnitTestResult executionId="17913c88-0e00-44b0-8f39-4d1899f9b828" testId="a9b773a3-72ff-0d49-8fd9-5ac58fdbab17" testName="add_profile.Tests.FunctionTest.TestService" computerName="Chitpong-MBP" duration="00:00:00.0550000" startTime="2019-01-28T11:03:44.6216170+07:00" endTime="2019-01-28T11:03:44.6216200+07:00" testType="13cdc9d9-ddb5-4fa4-a97d-d965ccfc6d4b" outcome="Passed" testListId="8c84fa94-04c1-424b-9868-57a2d4851a1d" relativeResultsDirectory="17913c88-0e00-44b0-8f39-4d1899f9b828" />
    <UnitTestResult executionId="a103dfa9-7969-46d4-89f3-f1ce516b4e50" testId="c8201cb8-7778-7594-c067-f54e0edbd6d1" testName="add_profile.Tests.FunctionTest.TestGetMethod" computerName="Chitpong-MBP" duration="00:00:01.7420000" startTime="2019-01-28T11:03:44.5690200+07:00" endTime="2019-01-28T11:03:44.5690240+07:00" testType="13cdc9d9-ddb5-4fa4-a97d-d965ccfc6d4b" outcome="Passed" testListId="8c84fa94-04c1-424b-9868-57a2d4851a1d" relativeResultsDirectory="a103dfa9-7969-46d4-89f3-f1ce516b4e50" />
  </Results>
  <TestDefinitions>
    <UnitTest name="add_profile.Tests.FunctionTest.TestGetMethod" storage="/users/chitpong/sourcecode/aws-serverless/profile/test/add_profile.tests/bin/debug/netcoreapp2.1/add_profile.tests.dll" id="c8201cb8-7778-7594-c067-f54e0edbd6d1">
      <Execution id="a103dfa9-7969-46d4-89f3-f1ce516b4e50" />
      <TestMethod codeBase="/Users/chitpong/Sourcecode/aws-serverless/profile/test/add_profile.Tests/bin/Debug/netcoreapp2.1/add_profile.Tests.dll" adapterTypeName="executor://xunit/VsTestRunner2/netcoreapp" className="add_profile.Tests" name="add_profile.Tests.FunctionTest.TestGetMethod" />
    </UnitTest>
    <UnitTest name="add_profile.Tests.FunctionTest.TestService" storage="/users/chitpong/sourcecode/aws-serverless/profile/test/add_profile.tests/bin/debug/netcoreapp2.1/add_profile.tests.dll" id="a9b773a3-72ff-0d49-8fd9-5ac58fdbab17">
      <Execution id="17913c88-0e00-44b0-8f39-4d1899f9b828" />
      <TestMethod codeBase="/Users/chitpong/Sourcecode/aws-serverless/profile/test/add_profile.Tests/bin/Debug/netcoreapp2.1/add_profile.Tests.dll" adapterTypeName="executor://xunit/VsTestRunner2/netcoreapp" className="add_profile.Tests" name="add_profile.Tests.FunctionTest.TestService" />
    </UnitTest>
  </TestDefinitions>
  <TestEntries>
    <TestEntry testId="a9b773a3-72ff-0d49-8fd9-5ac58fdbab17" executionId="17913c88-0e00-44b0-8f39-4d1899f9b828" testListId="8c84fa94-04c1-424b-9868-57a2d4851a1d" />
    <TestEntry testId="c8201cb8-7778-7594-c067-f54e0edbd6d1" executionId="a103dfa9-7969-46d4-89f3-f1ce516b4e50" testListId="8c84fa94-04c1-424b-9868-57a2d4851a1d" />
  </TestEntries>
  <TestLists>
    <TestList name="Results Not in a List" id="8c84fa94-04c1-424b-9868-57a2d4851a1d" />
    <TestList name="All Loaded Results" id="19431567-8539-422a-85d7-44ee4e166bda" />
  </TestLists>
  <ResultSummary outcome="Completed">
    <Counters total="2" executed="2" passed="2" failed="0" error="0" timeout="0" aborted="0" inconclusive="0" passedButRunAborted="0" notRunnable="0" notExecuted="0" disconnected="0" warning="0" completed="0" inProgress="0" pending="0" />
    <Output>
      <StdOut>[xUnit.net 00:00:01.3998783]   Discovering: add_profile.Tests[xUnit.net 00:00:01.5647880]   Discovered:  add_profile.Tests[xUnit.net 00:00:01.6003372]   Starting:    add_profile.Tests[xUnit.net 00:00:03.7773275]   Finished:    add_profile.Tests</StdOut>
    </Output>
  </ResultSummary>
</TestRun>