<?xml version="1.0" encoding="utf-8"?>
<TestRun id="b8f3949d-4ae7-4995-9d3d-605f16dccb0d" name="@Chitpong-MBP 2019-01-28 11:03:45" xmlns="http://microsoft.com/schemas/VisualStudio/TeamTest/2010">
  <Times creation="2019-01-28T11:03:45.3437660+07:00" queuing="2019-01-28T11:03:45.3437660+07:00" start="2019-01-28T11:03:39.1252290+07:00" finish="2019-01-28T11:03:45.6355290+07:00" />
  <TestSettings name="default" id="8a94f75b-f141-4e4a-a352-37b9c46d0f78">
    <Deployment runDeploymentRoot="_Chitpong-MBP_2019-01-28_11_03_45" />
  </TestSettings>
  <Results>
    <UnitTestResult executionId="b44a98b2-b499-4179-b8d1-9f738f39cd3b" testId="c61110b3-f767-016f-be07-654f86910931" testName="update_profile.Tests.FunctionTest.TestGetMethod" computerName="Chitpong-MBP" duration="00:00:02.2130000" startTime="2019-01-28T11:03:45.2634850+07:00" endTime="2019-01-28T11:03:45.2634950+07:00" testType="13cdc9d9-ddb5-4fa4-a97d-d965ccfc6d4b" outcome="Passed" testListId="8c84fa94-04c1-424b-9868-57a2d4851a1d" relativeResultsDirectory="b44a98b2-b499-4179-b8d1-9f738f39cd3b" />
    <UnitTestResult executionId="c2193a24-6e74-437f-be69-88469626ce33" testId="7d9bbb89-1a0f-7525-7f45-92d81074ba08" testName="update_profile.Tests.FunctionTest.TestService" computerName="Chitpong-MBP" duration="00:00:00.1490000" startTime="2019-01-28T11:03:45.4365960+07:00" endTime="2019-01-28T11:03:45.4365990+07:00" testType="13cdc9d9-ddb5-4fa4-a97d-d965ccfc6d4b" outcome="Passed" testListId="8c84fa94-04c1-424b-9868-57a2d4851a1d" relativeResultsDirectory="c2193a24-6e74-437f-be69-88469626ce33" />
  </Results>
  <TestDefinitions>
    <UnitTest name="update_profile.Tests.FunctionTest.TestGetMethod" storage="/users/chitpong/sourcecode/aws-serverless/profile/test/update_profile.tests/bin/debug/netcoreapp2.1/update_profile.tests.dll" id="c61110b3-f767-016f-be07-654f86910931">
      <Execution id="b44a98b2-b499-4179-b8d1-9f738f39cd3b" />
      <TestMethod codeBase="/Users/chitpong/Sourcecode/aws-serverless/profile/test/update_profile.Tests/bin/Debug/netcoreapp2.1/update_profile.Tests.dll" adapterTypeName="executor://xunit/VsTestRunner2/netcoreapp" className="update_profile.Tests" name="update_profile.Tests.FunctionTest.TestGetMethod" />
    </UnitTest>
    <UnitTest name="update_profile.Tests.FunctionTest.TestService" storage="/users/chitpong/sourcecode/aws-serverless/profile/test/update_profile.tests/bin/debug/netcoreapp2.1/update_profile.tests.dll" id="7d9bbb89-1a0f-7525-7f45-92d81074ba08">
      <Execution id="c2193a24-6e74-437f-be69-88469626ce33" />
      <TestMethod codeBase="/Users/chitpong/Sourcecode/aws-serverless/profile/test/update_profile.Tests/bin/Debug/netcoreapp2.1/update_profile.Tests.dll" adapterTypeName="executor://xunit/VsTestRunner2/netcoreapp" className="update_profile.Tests" name="update_profile.Tests.FunctionTest.TestService" />
    </UnitTest>
  </TestDefinitions>
  <TestEntries>
    <TestEntry testId="c61110b3-f767-016f-be07-654f86910931" executionId="b44a98b2-b499-4179-b8d1-9f738f39cd3b" testListId="8c84fa94-04c1-424b-9868-57a2d4851a1d" />
    <TestEntry testId="7d9bbb89-1a0f-7525-7f45-92d81074ba08" executionId="c2193a24-6e74-437f-be69-88469626ce33" testListId="8c84fa94-04c1-424b-9868-57a2d4851a1d" />
  </TestEntries>
  <TestLists>
    <TestList name="Results Not in a List" id="8c84fa94-04c1-424b-9868-57a2d4851a1d" />
    <TestList name="All Loaded Results" id="19431567-8539-422a-85d7-44ee4e166bda" />
  </TestLists>
  <ResultSummary outcome="Completed">
    <Counters total="2" executed="2" passed="2" failed="0" error="0" timeout="0" aborted="0" inconclusive="0" passedButRunAborted="0" notRunnable="0" notExecuted="0" disconnected="0" warning="0" completed="0" inProgress="0" pending="0" />
    <Output>
      <StdOut>[xUnit.net 00:00:01.4721820]   Discovering: update_profile.Tests[xUnit.net 00:00:01.5985793]   Discovered:  update_profile.Tests[xUnit.net 00:00:01.6142415]   Starting:    update_profile.Tests[xUnit.net 00:00:04.4488822]   Finished:    update_profile.Tests</StdOut>
    </Output>
  </ResultSummary>
</TestRun>