<?xml version="1.0" encoding="utf-8"?>
<TestRun id="e228204e-c754-4d83-a27e-028d4d65fa5f" name="@Chitpong-MBP 2019-01-28 11:03:45" xmlns="http://microsoft.com/schemas/VisualStudio/TeamTest/2010">
  <Times creation="2019-01-28T11:03:45.3142300+07:00" queuing="2019-01-28T11:03:45.3142300+07:00" start="2019-01-28T11:03:39.0945010+07:00" finish="2019-01-28T11:03:45.6556990+07:00" />
  <TestSettings name="default" id="5d0e323f-104e-46fe-b552-45c5918adbe6">
    <Deployment runDeploymentRoot="_Chitpong-MBP_2019-01-28_11_03_45" />
  </TestSettings>
  <Results>
    <UnitTestResult executionId="6ca01945-f3a8-4c6f-b1bd-385609e172eb" testId="342e576f-953c-a279-a1f3-5b47891b91ee" testName="get_profile.Tests.FunctionTest.TestGetMethod" computerName="Chitpong-MBP" duration="00:00:00.2280000" startTime="2019-01-28T11:03:45.4638450+07:00" endTime="2019-01-28T11:03:45.4638480+07:00" testType="13cdc9d9-ddb5-4fa4-a97d-d965ccfc6d4b" outcome="Passed" testListId="8c84fa94-04c1-424b-9868-57a2d4851a1d" relativeResultsDirectory="6ca01945-f3a8-4c6f-b1bd-385609e172eb" />
    <UnitTestResult executionId="679154dc-29ad-494a-8122-df1e08def6d4" testId="c2c6db28-412d-7d9e-0b12-15d2dcd2e767" testName="get_profile.Tests.FunctionTest.TestService" computerName="Chitpong-MBP" duration="00:00:02.1840000" startTime="2019-01-28T11:03:45.2331190+07:00" endTime="2019-01-28T11:03:45.2331290+07:00" testType="13cdc9d9-ddb5-4fa4-a97d-d965ccfc6d4b" outcome="Passed" testListId="8c84fa94-04c1-424b-9868-57a2d4851a1d" relativeResultsDirectory="679154dc-29ad-494a-8122-df1e08def6d4" />
  </Results>
  <TestDefinitions>
    <UnitTest name="get_profile.Tests.FunctionTest.TestService" storage="/users/chitpong/sourcecode/aws-serverless/profile/test/get_profile.tests/bin/debug/netcoreapp2.1/get_profile.tests.dll" id="c2c6db28-412d-7d9e-0b12-15d2dcd2e767">
      <Execution id="679154dc-29ad-494a-8122-df1e08def6d4" />
      <TestMethod codeBase="/Users/chitpong/Sourcecode/aws-serverless/profile/test/get_profile.Tests/bin/Debug/netcoreapp2.1/get_profile.Tests.dll" adapterTypeName="executor://xunit/VsTestRunner2/netcoreapp" className="get_profile.Tests" name="get_profile.Tests.FunctionTest.TestService" />
    </UnitTest>
    <UnitTest name="get_profile.Tests.FunctionTest.TestGetMethod" storage="/users/chitpong/sourcecode/aws-serverless/profile/test/get_profile.tests/bin/debug/netcoreapp2.1/get_profile.tests.dll" id="342e576f-953c-a279-a1f3-5b47891b91ee">
      <Execution id="6ca01945-f3a8-4c6f-b1bd-385609e172eb" />
      <TestMethod codeBase="/Users/chitpong/Sourcecode/aws-serverless/profile/test/get_profile.Tests/bin/Debug/netcoreapp2.1/get_profile.Tests.dll" adapterTypeName="executor://xunit/VsTestRunner2/netcoreapp" className="get_profile.Tests" name="get_profile.Tests.FunctionTest.TestGetMethod" />
    </UnitTest>
  </TestDefinitions>
  <TestEntries>
    <TestEntry testId="342e576f-953c-a279-a1f3-5b47891b91ee" executionId="6ca01945-f3a8-4c6f-b1bd-385609e172eb" testListId="8c84fa94-04c1-424b-9868-57a2d4851a1d" />
    <TestEntry testId="c2c6db28-412d-7d9e-0b12-15d2dcd2e767" executionId="679154dc-29ad-494a-8122-df1e08def6d4" testListId="8c84fa94-04c1-424b-9868-57a2d4851a1d" />
  </TestEntries>
  <TestLists>
    <TestList name="Results Not in a List" id="8c84fa94-04c1-424b-9868-57a2d4851a1d" />
    <TestList name="All Loaded Results" id="19431567-8539-422a-85d7-44ee4e166bda" />
  </TestLists>
  <ResultSummary outcome="Completed">
    <Counters total="2" executed="2" passed="2" failed="0" error="0" timeout="0" aborted="0" inconclusive="0" passedButRunAborted="0" notRunnable="0" notExecuted="0" disconnected="0" warning="0" completed="0" inProgress="0" pending="0" />
    <Output>
      <StdOut>[xUnit.net 00:00:01.5858458]   Discovering: get_profile.Tests[xUnit.net 00:00:01.7259794]   Discovered:  get_profile.Tests[xUnit.net 00:00:01.7381323]   Starting:    get_profile.Tests[xUnit.net 00:00:04.6011914]   Finished:    get_profile.Tests</StdOut>
    </Output>
  </ResultSummary>
</TestRun>