<?xml version="1.0" encoding="utf-8"?>
<TestRun id="bd40e616-2fe5-43da-8874-d35c54978003" name="@Chitpong-MBP 2019-01-28 11:03:48" xmlns="http://microsoft.com/schemas/VisualStudio/TeamTest/2010">
  <Times creation="2019-01-28T11:03:48.8697450+07:00" queuing="2019-01-28T11:03:48.8697450+07:00" start="2019-01-28T11:03:45.9861560+07:00" finish="2019-01-28T11:03:48.8888770+07:00" />
  <TestSettings name="default" id="4d0fa2f7-2519-498b-826c-79a091b7e118">
    <Deployment runDeploymentRoot="_Chitpong-MBP_2019-01-28_11_03_48" />
  </TestSettings>
  <Results>
    <UnitTestResult executionId="0a80a8d3-e1bc-4246-8d06-ec1f7561eef7" testId="5cb41b26-8e63-78e4-47a9-e01492c6a16d" testName="list_profile.Tests.FunctionTest.TestService" computerName="Chitpong-MBP" duration="00:00:00.0240000" startTime="2019-01-28T11:03:48.7499190+07:00" endTime="2019-01-28T11:03:48.7499210+07:00" testType="13cdc9d9-ddb5-4fa4-a97d-d965ccfc6d4b" outcome="Passed" testListId="8c84fa94-04c1-424b-9868-57a2d4851a1d" relativeResultsDirectory="0a80a8d3-e1bc-4246-8d06-ec1f7561eef7" />
    <UnitTestResult executionId="9015dca2-c940-4e3b-9f51-d76004935b9d" testId="c6c699b5-27c2-a289-4dda-79ebbea93927" testName="list_profile.Tests.FunctionTest.TestGetMethod" computerName="Chitpong-MBP" duration="00:00:01.0030000" startTime="2019-01-28T11:03:48.7297100+07:00" endTime="2019-01-28T11:03:48.7297180+07:00" testType="13cdc9d9-ddb5-4fa4-a97d-d965ccfc6d4b" outcome="Passed" testListId="8c84fa94-04c1-424b-9868-57a2d4851a1d" relativeResultsDirectory="9015dca2-c940-4e3b-9f51-d76004935b9d" />
  </Results>
  <TestDefinitions>
    <UnitTest name="list_profile.Tests.FunctionTest.TestService" storage="/users/chitpong/sourcecode/aws-serverless/profile/test/list_profile.tests/bin/debug/netcoreapp2.1/list_profile.tests.dll" id="5cb41b26-8e63-78e4-47a9-e01492c6a16d">
      <Execution id="0a80a8d3-e1bc-4246-8d06-ec1f7561eef7" />
      <TestMethod codeBase="/Users/chitpong/Sourcecode/aws-serverless/profile/test/list_profile.Tests/bin/Debug/netcoreapp2.1/list_profile.Tests.dll" adapterTypeName="executor://xunit/VsTestRunner2/netcoreapp" className="list_profile.Tests" name="list_profile.Tests.FunctionTest.TestService" />
    </UnitTest>
    <UnitTest name="list_profile.Tests.FunctionTest.TestGetMethod" storage="/users/chitpong/sourcecode/aws-serverless/profile/test/list_profile.tests/bin/debug/netcoreapp2.1/list_profile.tests.dll" id="c6c699b5-27c2-a289-4dda-79ebbea93927">
      <Execution id="9015dca2-c940-4e3b-9f51-d76004935b9d" />
      <TestMethod codeBase="/Users/chitpong/Sourcecode/aws-serverless/profile/test/list_profile.Tests/bin/Debug/netcoreapp2.1/list_profile.Tests.dll" adapterTypeName="executor://xunit/VsTestRunner2/netcoreapp" className="list_profile.Tests" name="list_profile.Tests.FunctionTest.TestGetMethod" />
    </UnitTest>
  </TestDefinitions>
  <TestEntries>
    <TestEntry testId="5cb41b26-8e63-78e4-47a9-e01492c6a16d" executionId="0a80a8d3-e1bc-4246-8d06-ec1f7561eef7" testListId="8c84fa94-04c1-424b-9868-57a2d4851a1d" />
    <TestEntry testId="c6c699b5-27c2-a289-4dda-79ebbea93927" executionId="9015dca2-c940-4e3b-9f51-d76004935b9d" testListId="8c84fa94-04c1-424b-9868-57a2d4851a1d" />
  </TestEntries>
  <TestLists>
    <TestList name="Results Not in a List" id="8c84fa94-04c1-424b-9868-57a2d4851a1d" />
    <TestList name="All Loaded Results" id="19431567-8539-422a-85d7-44ee4e166bda" />
  </TestLists>
  <ResultSummary outcome="Completed">
    <Counters total="2" executed="2" passed="2" failed="0" error="0" timeout="0" aborted="0" inconclusive="0" passedButRunAborted="0" notRunnable="0" notExecuted="0" disconnected="0" warning="0" completed="0" inProgress="0" pending="0" />
    <Output>
      <StdOut>[xUnit.net 00:00:00.6706403]   Discovering: list_profile.Tests[xUnit.net 00:00:00.7318788]   Discovered:  list_profile.Tests[xUnit.net 00:00:00.7376782]   Starting:    list_profile.Tests[xUnit.net 00:00:01.9158956]   Finished:    list_profile.Tests</StdOut>
    </Output>
  </ResultSummary>
</TestRun>